<?xml version="1.0" encoding="UTF-8" standalone="yes"?><!DOCTYPE report PUBLIC "-//JACOCO//DTD Report 1.1//EN" "report.dtd"><report name="coverage.example"><sessioninfo id="EZE1-LLN-B05109-9c8d7e2e" start="1645021928272" dump="1645021929583"/><sessioninfo id="EZE1-LLN-B05109-4fbb04d1" start="1645021979030" dump="1645021980408"/><sessioninfo id="EZE1-LLN-B05109-77a61830" start="1645022267696" dump="1645022269116"/><sessioninfo id="EZE1-LLN-B05109-3a984a" start="1645022329493" dump="1645022330844"/><sessioninfo id="EZE1-LLN-B05109-7880ac06" start="1645022358937" dump="1645022360261"/><sessioninfo id="EZE1-LLN-B05109-b6463dc3" start="1645022458168" dump="1645022459568"/><sessioninfo id="EZE1-LLN-B05109-950e57de" start="1645022483472" dump="1645022484775"/><sessioninfo id="EZE1-LLN-B05109-23637cbf" start="1645022513183" dump="1645022514475"/><sessioninfo id="EZE1-LLN-B05109-3e7ee84d" start="1645022686306" dump="1645022687650"/><sessioninfo id="EZE1-LLN-B05109-e033dda6" start="1645031409047" dump="1645031411382"/><sessioninfo id="EZE1-LLN-B05109-4f3ccabf" start="1645031512167" dump="1645031514389"/><package name="coverage/example"><class name="coverage/example/Application" sourcefilename="Application.java"><method name="&lt;init&gt;" desc="()V" line="5"><counter type="INSTRUCTION" missed="0" covered="3"/><counter type="LINE" missed="0" covered="1"/><counter type="COMPLEXITY" missed="0" covered="1"/><counter type="METHOD" missed="0" covered="1"/></method><method name="mostrarEnPantalla" desc="()V" line="9"><counter type="INSTRUCTION" missed="0" covered="17"/><counter type="LINE" missed="0" covered="3"/><counter type="COMPLEXITY" missed="0" covered="1"/><counter type="METHOD" missed="0" covered="1"/></method><method name="main" desc="([Ljava/lang/String;)V" line="15"><counter type="INSTRUCTION" missed="0" covered="5"/><counter type="LINE" missed="0" covered="2"/><counter type="COMPLEXITY" missed="0" covered="1"/><counter type="METHOD" missed="0" covered="1"/></method><counter type="INSTRUCTION" missed="0" covered="25"/><counter type="LINE" missed="0" covered="6"/><counter type="COMPLEXITY" missed="0" covered="3"/><counter type="METHOD" missed="0" covered="3"/><counter type="CLASS" missed="0" covered="1"/></class><sourcefile name="Application.java"><line nr="5" mi="0" ci="3" mb="0" cb="0"/><line nr="9" mi="0" ci="3" mb="0" cb="0"/><line nr="10" mi="0" ci="13" mb="0" cb="0"/><line nr="11" mi="0" ci="1" mb="0" cb="0"/><line nr="15" mi="0" ci="4" mb="0" cb="0"/><line nr="16" mi="0" ci="1" mb="0" cb="0"/><counter type="INSTRUCTION" missed="0" covered="25"/><counter type="LINE" missed="0" covered="6"/><counter type="COMPLEXITY" missed="0" covered="3"/><counter type="METHOD" missed="0" covered="3"/><counter type="CLASS" missed="0" covered="1"/></sourcefile><counter type="INSTRUCTION" missed="0" covered="25"/><counter type="LINE" missed="0" covered="6"/><counter type="COMPLEXITY" missed="0" covered="3"/><counter type="METHOD" missed="0" covered="3"/><counter type="CLASS" missed="0" covered="1"/></package><counter type="INSTRUCTION" missed="0" covered="25"/><counter type="LINE" missed="0" covered="6"/><counter type="COMPLEXITY" missed="0" covered="3"/><counter type="METHOD" missed="0" covered="3"/><counter type="CLASS" missed="0" covered="1"/></report>