-------------------------------------------------------------------------------
Test set: com.globallogic.talentengine.junitTest.AppTest
-------------------------------------------------------------------------------
Tests run: 6, Failures: 1, Errors: 0, Skipped: 0, Time elapsed: 0.114 sec <<< FAILURE! - in com.globallogic.talentengine.junitTest.AppTest
test14()  Time elapsed: 0.014 sec  <<< FAILURE!
java.lang.AssertionError: El valor no era null:  expected:<null> but was:<1>
	at com.globallogic.talentengine.junitTest.AppTest.test14(AppTest.java:28)

