<?xml version="1.0" encoding="UTF-8"?>
<testsuite xmlns:xsi="http://www.w3.org/2001/XMLSchema-instance" xsi:schemaLocation="https://maven.apache.org/surefire/maven-surefire-plugin/xsd/surefire-test-report.xsd" name="com.globallogic.talentengine.junitTest.AppTest" time="0.114" tests="6" errors="0" skipped="0" failures="1">
  <properties>
[...]
</properties>
  <testcase name="test11" classname="com.globallogic.talentengine.junitTest.AppTest" time="0.009"/>
  <testcase name="test12" classname="com.globallogic.talentengine.junitTest.AppTest" time="0.002"/>
  <testcase name="test13" classname="com.globallogic.talentengine.junitTest.AppTest" time="0.003"/>
  <testcase name="test14" classname="com.globallogic.talentengine.junitTest.AppTest" time="0.014">
    <failure message="El valor no era null:  expected:&lt;null&gt; but was:&lt;1&gt;" type="java.lang.AssertionError"><![CDATA[java.lang.AssertionError: El valor no era null:  expected:<null> but was:<1>
	at com.globallogic.talentengine.junitTest.AppTest.test14(AppTest.java:28)
]]></failure>
  </testcase>
  <testcase name="test16" classname="com.globallogic.talentengine.junitTest.AppTest" time="0.005"/>
  <testcase name="test17" classname="com.globallogic.talentengine.junitTest.AppTest" time="0.001"/>
</testsuite>