<?xml version="1.0" encoding="UTF-8"?>
<testsuite xmlns:xsi="http://www.w3.org/2001/XMLSchema-instance" xsi:noNamespaceSchemaLocation="https://maven.apache.org/surefire/maven-surefire-plugin/xsd/surefire-test-report.xsd" name="coverage.loteria.LoteriaTest" time="1.823" tests="4" errors="0" skipped="0" failures="0">
  <properties>
[...]
</properties>
  <testcase name="ganadorCuadrupleFalseTest" classname="coverage.loteria.LoteriaTest" time="1.657"/>
  <testcase name="ganadorUnicoTrueTest" classname="coverage.loteria.LoteriaTest" time="0.055"/>
  <testcase name="ganadorCuadrupleTrueTest" classname="coverage.loteria.LoteriaTest" time="0.039"/>
  <testcase name="ganadorUnicoFalseTest" classname="coverage.loteria.LoteriaTest" time="0.039"/>
</testsuite>